<?xml version="1.0" encoding="UTF-8"?>
<!-- Generated by org.testng.reporters.JUnitReportReporter -->
<testsuite hostname="DESKTOP-U9BEVS1" failures="0" tests="1" name="TeamLeadAjay.TeamLeadAjay.code1" time="0.014" errors="0" timestamp="2021-09-12T13:42:47 IST" skipped="0">
  <testcase classname="TeamLeadAjay.TeamLeadAjay.code1" name="hi" time="0.014"/>
  <system-out/>
</testsuite> <!-- TeamLeadAjay.TeamLeadAjay.code1 -->
